Connecting to database specified by database.yml
Compiled jquery.js  (1ms)  (pid 8597)
Compiled jquery_ujs.js  (0ms)  (pid 8597)
Compiled application.js  (9ms)  (pid 8597)
Compiled application.css  (0ms)  (pid 8597)
Connecting to database specified by database.yml
Compiled jquery.js  (1ms)  (pid 8597)
Compiled jquery_ujs.js  (0ms)  (pid 8597)
Compiled application.js  (10ms)  (pid 8597)
Compiled application.css  (0ms)  (pid 8597)
Connecting to database specified by database.yml
Compiled jquery.js  (1ms)  (pid 2128)
Compiled jquery_ujs.js  (0ms)  (pid 2128)
Compiled application.js  (10ms)  (pid 2128)
Compiled application.css  (0ms)  (pid 2128)
Connecting to database specified by database.yml
Compiled jquery.js  (1ms)  (pid 2128)
Compiled jquery_ujs.js  (0ms)  (pid 2128)
Compiled application.js  (9ms)  (pid 2128)
Compiled application.css  (0ms)  (pid 2128)
